<?xml version="1.0" encoding="UTF-8"?>
<testsuite xmlns:xsi="http://www.w3.org/2001/XMLSchema-instance" xsi:noNamespaceSchemaLocation="https://maven.apache.org/surefire/maven-surefire-plugin/xsd/surefire-test-report.xsd" version="3.0.2" name="edu.utvt.alumnos.ApiAlumnosApplicationTests" time="5.689" tests="1" errors="0" skipped="0" failures="0" flakes="0">
  <properties>
[...]
</properties>
  <testcase name="contextLoads" classname="edu.utvt.alumnos.ApiAlumnosApplicationTests" time="0.6">
    <system-out><![CDATA[11:59:44.118 [main] INFO org.springframework.test.context.support.AnnotationConfigContextLoaderUtils -- Could not detect default configuration classes for test class [edu.utvt.alumnos.ApiAlumnosApplicationTests]: ApiAlumnosApplicationTests does not declare any static, non-private, non-final, nested classes annotated with @Configuration.
11:59:44.246 [main] INFO org.springframework.boot.test.context.SpringBootTestContextBootstrapper -- Found @SpringBootConfiguration edu.utvt.alumnos.ApiAlumnosApplication for test class edu.utvt.alumnos.ApiAlumnosApplicationTests
11:59:44.333 [main] INFO org.springframework.test.context.support.AnnotationConfigContextLoaderUtils -- Could not detect default configuration classes for test class [edu.utvt.alumnos.ApiAlumnosApplicationTests]: ApiAlumnosApplicationTests does not declare any static, non-private, non-final, nested classes annotated with @Configuration.
11:59:44.336 [main] INFO org.springframework.boot.test.context.SpringBootTestContextBootstrapper -- Found @SpringBootConfiguration edu.utvt.alumnos.ApiAlumnosApplication for test class edu.utvt.alumnos.ApiAlumnosApplicationTests
11:59:44.409 [main] INFO org.springframework.boot.devtools.restart.RestartApplicationListener -- Restart disabled due to context in which it is running

  .   ____          _            __ _ _
 /\\ / ___'_ __ _ _(_)_ __  __ _ \ \ \ \
( ( )\___ | '_ | '_| | '_ \/ _` | \ \ \ \
 \\/  ___)| |_)| | | | | || (_| |  ) ) ) )
  '  |____| .__|_| |_|_| |_\__, | / / / /
 =========|_|==============|___/=/_/_/_/

 :: Spring Boot ::                (v4.0.6)

2026-06-10T11:59:44.720-06:00  INFO 24372 --- [alumnos-api] [           main] e.u.alumnos.ApiAlumnosApplicationTests   : Starting ApiAlumnosApplicationTests using Java 26.0.1 with PID 24372 (started by Thinkpad in C:\Workspace\java\ApiAlumnos\api-alumnos)
2026-06-10T11:59:44.723-06:00  INFO 24372 --- [alumnos-api] [           main] e.u.alumnos.ApiAlumnosApplicationTests   : No active profile set, falling back to 1 default profile: "default"
2026-06-10T11:59:45.645-06:00  INFO 24372 --- [alumnos-api] [           main] .s.d.r.c.RepositoryConfigurationDelegate : Bootstrapping Spring Data JPA repositories in DEFAULT mode.
2026-06-10T11:59:45.710-06:00  INFO 24372 --- [alumnos-api] [           main] .s.d.r.c.RepositoryConfigurationDelegate : Finished Spring Data repository scanning in 53 ms. Found 1 JPA repository interface.
2026-06-10T11:59:46.128-06:00  INFO 24372 --- [alumnos-api] [           main] org.hibernate.orm.jpa                    : HHH008540: Processing PersistenceUnitInfo [name: default]
2026-06-10T11:59:46.176-06:00  INFO 24372 --- [alumnos-api] [           main] org.hibernate.orm.core                   : HHH000001: Hibernate ORM core version 7.2.12.Final
2026-06-10T11:59:46.643-06:00  INFO 24372 --- [alumnos-api] [           main] o.s.o.j.p.SpringPersistenceUnitInfo      : No LoadTimeWeaver setup: ignoring JPA class transformer
2026-06-10T11:59:46.684-06:00  INFO 24372 --- [alumnos-api] [           main] com.zaxxer.hikari.HikariDataSource       : HikariPool-1 - Starting...
2026-06-10T11:59:46.916-06:00  INFO 24372 --- [alumnos-api] [           main] com.zaxxer.hikari.pool.HikariPool        : HikariPool-1 - Added connection org.postgresql.jdbc.PgConnection@2b0d85bd
2026-06-10T11:59:46.918-06:00  INFO 24372 --- [alumnos-api] [           main] com.zaxxer.hikari.HikariDataSource       : HikariPool-1 - Start completed.
2026-06-10T11:59:46.955-06:00  WARN 24372 --- [alumnos-api] [           main] org.hibernate.orm.deprecation            : HHH90000025: PostgreSQLDialect does not need to be specified explicitly using 'hibernate.dialect' (remove the property setting and it will be selected by default)
2026-06-10T11:59:46.980-06:00  INFO 24372 --- [alumnos-api] [           main] org.hibernate.orm.connections.pooling    : HHH10001005: Database info:
	Database JDBC URL [jdbc:postgresql://localhost:5432/db-alumnos]
	Database driver: PostgreSQL JDBC Driver
	Database dialect: PostgreSQLDialect
	Database version: 18.3
	Default catalog/schema: db-alumnos/public
	Autocommit mode: undefined/unknown
	Isolation level: READ_COMMITTED [default READ_COMMITTED]
	JDBC fetch size: none
	Pool: DataSourceConnectionProvider
	Minimum pool size: undefined/unknown
	Maximum pool size: undefined/unknown
2026-06-10T11:59:47.860-06:00  INFO 24372 --- [alumnos-api] [           main] org.hibernate.orm.core                   : HHH000489: No JTA platform available (set 'hibernate.transaction.jta.platform' to enable JTA platform integration)
2026-06-10T11:59:47.929-06:00  INFO 24372 --- [alumnos-api] [           main] j.LocalContainerEntityManagerFactoryBean : Initialized JPA EntityManagerFactory for persistence unit 'default'
2026-06-10T11:59:48.026-06:00  INFO 24372 --- [alumnos-api] [           main] o.s.d.j.r.query.QueryEnhancerFactories   : Hibernate is in classpath; If applicable, HQL parser will be used.
2026-06-10T11:59:48.436-06:00  WARN 24372 --- [alumnos-api] [           main] JpaBaseConfiguration$JpaWebConfiguration : spring.jpa.open-in-view is enabled by default. Therefore, database queries may be performed during view rendering. Explicitly configure spring.jpa.open-in-view to disable this warning
2026-06-10T11:59:49.012-06:00  INFO 24372 --- [alumnos-api] [           main] e.u.alumnos.ApiAlumnosApplicationTests   : Started ApiAlumnosApplicationTests in 4.613 seconds (process running for 5.767)
2026-06-10T11:59:49.018-06:00  WARN 24372 --- [alumnos-api] [           main] o.s.core.events.SpringDocAppInitializer  : SpringDoc /api-docs endpoint is enabled by default. To disable it in production, set the property 'springdoc.api-docs.enabled=false'
2026-06-10T11:59:49.018-06:00  WARN 24372 --- [alumnos-api] [           main] o.s.core.events.SpringDocAppInitializer  : SpringDoc /swagger-ui.html endpoint is enabled by default. To disable it in production, set the property 'springdoc.swagger-ui.enabled=false'
]]></system-out>
    <system-err><![CDATA[Mockito is currently self-attaching to enable the inline-mock-maker. This will no longer work in future releases of the JDK. Please add Mockito as an agent to your build as described in Mockito's documentation: https://javadoc.io/doc/org.mockito/mockito-core/latest/org.mockito/org/mockito/Mockito.html#0.3
WARNING: A Java agent has been loaded dynamically (C:\Users\Thinkpad\.m2\repository\net\bytebuddy\byte-buddy-agent\1.17.8\byte-buddy-agent-1.17.8.jar)
WARNING: If a serviceability tool is in use, please run with -XX:+EnableDynamicAgentLoading to hide this warning
WARNING: If a serviceability tool is not in use, please run with -Djdk.instrument.traceUsage for more information
WARNING: Dynamic loading of agents will be disallowed by default in a future release
]]></system-err>
  </testcase>
</testsuite>